OK
OK
OK
OK
2120180511F018000b100397026307TXFE8               BL+0108500000000001R1F0180000000110253521305000220100 086400 10253521000b00000000000000000001426729       FITX   201805000000000B       000000000000000                           
OK
OK
OK
OK
OK
OK
OK
OK
OK
OK
OK
OK
OK
OK
OK
OK
OK
OK
OK
2120180511F018000c100397026307TXFE8               BL+0105570000000010R1F0180000001010314663305000230100 086400 10314663000b00000000000000000001426730       FITX   201805000000000B       000000000000000                           
OK
23201805113F018000c100397026307F0181032121030500024b000086401426730       00TXFE8               B200100005FITX   201805000000000B       000000000000000                                                                                    
OK
23201805115F018000c100397026307F0181032304330500025b000086401426730       00TXFE8               B4L+010555000000RFITX   201805000000000B       000000000000000                                                                             
OK
OK
OK
2120180511F018000d100397026307TXFE8               SL+0105560000000001R0F0180000000110332865305000260100 086400 10332865000b00000000000000000001426733       FITX   201805000000000S       000000000000000                           
23201805111F018000d100397026307F0181033286530500026b000086401426733       TXFE8               SL01085000000000010FITX   20180500000000000000001R 000000000000                                                                              
23201805111F018000b100397026307F0181033286530500027b000086401426729       TXFE8               BL01085000000000011FITX   20180500000000000000001R 000000000000                                                                              
OK
OK
2120180511F018000e100297026307TXFE8               SL+0105560000000001R0F0180000000110340943305000280100 086400 10340943000b00000000000000000001426734       FITX   201805000000000S       000000000000000                           
23201805111F018000e100297026307F0181034094330500028b000086401426734       TXFE8               SL01085700000000010FITX   20180500000000000000001R 000000000000                                                                              
OK
OK
OK
OK
OK
OK
OK
OK
OK
OK
OK
2120180511F018000f100297026307TXFE8               SL+0105570000000001R0F0180000000110375632305000290100 086400 10375632000b00000000000000000001426735       FITX   201805000000000S       000000000000000                           
23201805111F018000f100297026307F0181037563230500029b000086401426735       TXFE8               SL01084500000000010FITX   20180500000000000000001R 000000000000                                                                              
OK
OK
OK
2120180511F018000g100297026307TXFE8               SL+0105550000000001R0F0180000000110384956305000300100 086400 10384956000b00000000000000000001426736       FITX   201805000000000S       000000000000000                           
23201805111F018000g100297026307F0181038495630500030b000086401426736       TXFE8               SL01084400000000010FITX   20180500000000000000001R 000000000000                                                                              
OK
OK
OK
2120180511F018000h100397026307TXFE8               SL+0109530000000001R0F0180000000110394240305000310100 086400 10394240000b00000000000000000001426737       FITX   201805000000000S       000000000000000                           
23201805111F018000h100397026307F0181039445830500032b000086401426737       TXFE8               SL01095300000000010FITX   20180500000000000000001R 000000000000                                                                              
OK
OK
OK
OK
OK
OK
OK
OK
2120180511F018000b100497026307TXFE8               SL+0109390000000001R0F0180000000110423792305000330100 086400 10423792000b00000000000000000001426739       FITX   201805000000000S       000000000000000                           
OK
OK
2120180511F018000wq00197011781TXFF8               BL+0107620000000001R0F0180000000110430133311000010100 086600 10430133000d000000000000000000               FITX   201806000000000B       000000000000000                           
23201805113F018000wq00197011781F0181043025331100002d0000866               00TXFF8               B300010000FITX   201806000000000B       000000000000000                                                                                    
OK
2120180511F018000c100497026307TXFE8               SL+0109380000000010R0F0180000001010432556305000340100 086400 10432556000b00000000000000000001426742       FITX   201805000000000S       000000000000000                           
OK
23201805113F018000c100497026307F0181043404530500035b000086401426742       00TXFE8               S200100005FITX   201805000000000S       000000000000000                                                                                    
OK
23201805115F018000c100497026307F0181044004830500036b000086401426742       00TXFE8               S4L+010939000000RFITX   201805000000000S       000000000000000                                                                             
OK
OK
OK
OK
OK
OK
23201805113F018000c100497026307F0181046170030500037b000086401426742       00TXFE8               S300050000FITX   201805000000000S       000000000000000                                                                                    
OK
23201805113F018000b100497026307F0181046201330500038b000086401426739       00TXFE8               S300010000FITX   201805000000000S       000000000000000                                                                                    
23201805113F018000c100397026307F0181046248130500039b000086401426730       00TXFE8               B300050000FITX   201805000000000B       000000000000000                                                                                    
OK
OK
OK
OK
2120180511F018000f100397026307TXFE8               BL+0108430000000001R1F0180000000110474283305000400100 086400 10474283000b00000000000000000001426750       FITX   201805000000000B       000000000000000                           
23201805111F018000f100397026307F0181047428330500040b000086401426750       TXFE8               BL01084300000000011FITX   20180500000000000000001R 000000000000                                                                              
2120180511F018000g100397026307TXFE8               BL+0108430000000001I1F0180000000110474854305000410100 086400 10474854000b00000000000000000001426751       FITX   201805000000000B       000000000000000                           
23201805111F018000g100397026307F0181047485430500041b000086401426751       TXFE8               BL00000000000000001FITX   20180500000000000000001I 000000000000                                                                              
2120180511F018000h100497026307TXFE8               BL+0108430000000001F1F0180000000110475413305000420100 086400 10475413000b00000000000000000001426752       FITX   201805000000000B       000000000000000                           
23201805111F018000h100497026307F0181047541330500042b000086401426752       TXFE8               BL00000000000000001FITX   20180500000000000000001F 000000000000                                                                              
OK
2120180511F018000a100397026307TXFE8               SL+0108430000000001R0F0180000000110480039305000430100 086400 10480039000b00000000000000000001426753       FITX   201805000000000S       000000000000000                           
23201805111F018000a100397026307F0181048003930500043b000086401426753       TXFE8               SL01084300000000010FITX   20180500000000000000001R 000000000000                                                                              
2120180511F018000b100597026307TXFE8               SL+0108430000000001I0F0180000000110480565305000440100 086400 10480565000b00000000000000000001426754       FITX   201805000000000S       000000000000000                           
23201805111F018000b100597026307F0181048056530500044b000086401426754       TXFE8               SL00000000000000000FITX   20180500000000000000001I 000000000000                                                                              
2120180511F018000c100597026307TXFE8               SL+0108420000000001F0F0180000000110480938305000450100 086400 10480938000b00000000000000000001426755       FITX   201805000000000S       000000000000000                           
23201805111F018000c100597026307F0181048093830500045b000086401426755       TXFE8               SL00000000000000000FITX   20180500000000000000001F 000000000000                                                                              
OK
2120180511F018000d100497026307TXFE8               BL+0108440000000001R1F0180000000110482047305000460100 086400Y10482047000b00000000000000000001426756       FITX   201805000000000B       000000000000000                           
2120180511F018000e100397026307TXFE8               BL+0108440000000001I1F0180000000110482833305000470100 086400Y10482833000b00000000000000000001426757       FITX   201805000000000B       000000000000000                           
23201805111F018000e100397026307F0181048283330500047b000086401426757       TXFE8               BL00000000000000001FITX   20180500000000000000001I 000000000000                                                                              
23201805111F018000d100497026307F0181048357230500048b000086401426756       TXFE8               BL01084400000000011FITX   20180500000000000000001R 000000000000                                                                              
2120180511F018000f100497026307TXFE8               BL+0108430000000001F1F0180000000110483587305000490100 086400Y10483587000b00000000000000000001426758       FITX   201805000000000B       000000000000000                           
23201805111F018000f100497026307F0181048358730500049b000086401426758       TXFE8               BL00000000000000001FITX   20180500000000000000001F 000000000000                                                                              
OK
2120180511F018000g100497026307TXFE8               SL+0108420000000001R2F0180000000110484365305000500100 086400Y10484365000b00000000000000000001426759       FITX   201805000000000S       000000000000000                           
23201805111F018000g100497026307F0181048436530500050b000086401426759       TXFE8               SL01084200000000012FITX   20180500000000000000001R 000000000000                                                                              
2120180511F018000h100597026307TXFE8               SL+0108420000000001I2F0180000000110484941305000510100 086400Y10484941000b00000000000000000001426760       FITX   201805000000000S       000000000000000                           
23201805111F018000h100597026307F0181048494130500051b000086401426760       TXFE8               SL00000000000000002FITX   20180500000000000000001I 000000000000                                                                              
2120180511F018000a100497026307TXFE8               SL+0108420000000001F2F0180000000110485527305000520100 086400Y10485527000b00000000000000000001426761       FITX   201805000000000S       000000000000000                           
23201805111F018000a100497026307F0181048552730500052b000086401426761       TXFE8               SL00000000000000002FITX   20180500000000000000001F 000000000000                                                                              
OK
OK
2120180511F018000b100697026307TXFE8               BL+0108440000000001R0F0180000000110492710305000530100 086400 10492710000b00000000000000000001426762       FITX   201805000000000B       000000000000000                           
23201805111F018000b100697026307F0181049271030500053b000086401426762       TXFE8               BL01084400000000010FITX   20180500000000000000001R 000000000000                                                                              
2120180511F018000c100697026307TXFE8               BL+0108440000000001R1F0180000000110493520305000540100 086400 10493520000b00000000000000000001426763       FITX   201805000000000B       000000000000000                           
OK
2120180511F018000d100597026307TXFE8               SL+0108430000000001R0F0180000000110494238305000550100 086400 10494238000b00000000000000000001426764       FITX   201805000000000S       000000000000000                           
23201805111F018000d100597026307F0181049423830500055b000086401426764       TXFE8               SL01084400000000010FITX   20180500000000000000001R 000000000000                                                                              
23201805111F018000c100697026307F0181049423830500056b000086401426763       TXFE8               BL01084400000000011FITX   20180500000000000000001R 000000000000                                                                              
2120180511F018000f100597026307TXFE8               BL+0108430000000001R1F0180000000110495785305000570100 086400 10495785000b00000000000000000001426766       FITX   201805000000000B       000000000000000                           
OK
OK
2120180511F018000h100697026307TXFE8               BL+0108420000000020R1F0180000002010502751305000580100 086400 10502751000b00000000000000000001426768       FITX   201805000000000B       000000000000000                           
OK
OK
2120180511F018000b100797026307TXFE8               SL+0108410000000001R1F0180000000110511828305000590100 086400 10511828000b00000000000000000001426770       FITX   201805000000000S       000000000000000                           
23201805111F018000b100797026307F0181051182830500059b000086401426770       TXFE8               SL01087000000000011FITX   20180500000000000000001R 000000000000                                                                              
OK
OK
2220180511F018000c100797026307TXO10750E8          BL+0000800000000010R0F0180000001010514652355000040100 086400 10514652000b00000000000000000001426771       TXO   C201805010750000B       000000000000000                           
OK
24201805113F018000c100797026307F0181052095535600001b000086401426771       00TXO10750E8          B200100005TXO   C201805010750000B       000000000000000                                                                                    
OK
24201805115F018000c100797026307F0181052209535500005b000086401426771       00TXO10750E8          B4L+000070000000RTXO   C201805010750000B       000000000000000                                                                             
24201805113F018000c100797026307F0181052288735600002b000086401426771       00TXO10750E8          B300050000TXO   C201805010750000B       000000000000000                                                                                    
23201805113F018000h100697026307F0181052370230500060b000086401426768       00TXFE8               B300200000FITX   201805000000000B       000000000000000                                                                                    
OK
23201805113F018000f100597026307F0181052401130600003b000086401426766       00TXFE8               B300010000FITX   201805000000000B       000000000000000                                                                                    
OK
2220180511F018000d100697026307TXO10750E8          SL+0000980000000010R0F0180000001010530937355000060100 086400 10530937000b00000000000000000001426777       TXO   C201805010750000S       000000000000000                           
OK
24201805113F018000d100697026307F0181053296935500007b000086401426777       00TXO10750E8          S200100005TXO   C201805010750000S       000000000000000                                                                                    
OK
OK
24201805115F018000d100697026307F0181054004835500008b000086401426777       00TXO10750E8          S4L+000080000000RTXO   C201805010750000S       000000000000000                                                                             
24201805113F018000d100697026307F0181054053735600003b000086401426777       00TXO10750E8          S300050000TXO   C201805010750000S       000000000000000                                                                                    
OK
2220180511F018000e100497026307TXO10750E8          BL+0000800000000001I0F0180000000110543342355000090100 086400 10543342000b00000000000000000001426781       TXO   C201805010750000B       000000000000000                           
24201805111F018000e100497026307F0181054334235500009b000086401426781       TXO10750E8          BL00000000000000000TXO   C20180501075000000000001I 000000000000                                                                              
OK
2220180511F018000f100697026307TXO10750E8          BL+0000800000000001I0F0180000000110544955355000100100 086400 10544955000b00000000000000000001426782       TXO   C201805010750000B       000000000000000                           
24201805111F018000f100697026307F0181054495535500010b000086401426782       TXO10750E8          BL00000000000000000TXO   C20180501075000000000001I 000000000000                                                                              
OK
2220180511F018000g100597026307TXO10750E8          BL+0000800000000001F0F0180000000110550071355000110100 086400 10550071000b00000000000000000001426783       TXO   C201805010750000B       000000000000000                           
24201805111F018000g100597026307F0181055007135500011b000086401426783       TXO10750E8          BL00000000000000000TXO   C20180501075000000000001F 000000000000                                                                              
2220180511F018000h100797026307TXO10750E8          SL+0001300000000001I0F0180000000110551390355000120100 086400 10551390000b00000000000000000001426784       TXO   C201805010750000S       000000000000000                           
24201805111F018000h100797026307F0181055139035500012b000086401426784       TXO10750E8          SL00000000000000000TXO   C20180501075000000000001I 000000000000                                                                              
OK
2220180511F018000a100597026307TXO10750E8          SL+0001300000000001F0F0180000000110553572355000130100 086400 10553572000b00000000000000000001426785       TXO   C201805010750000S       000000000000000                           
24201805111F018000a100597026307F0181055357235500013b000086401426785       TXO10750E8          SL00000000000000000TXO   C20180501075000000000001F 000000000000                                                                              
OK
OK
OK
OK
OK
OK
2220180511F018000b100897026307TXO10750E8          BL+0001240000000001R0F0180000000110573865355000140100 086400 10573865000b00000000000000000001426786       TXO   C201805010750000B       000000000000000                           
OK
OK
OK
OK
OK
OK
OK
2120180511F018000d100797026727TXFE8               BL+0108480000000001R0F0180000000110594272305000610100 086400 10594272000b00000000000000000001426788       FITX   201805000000000B       000000000000000                           
23201805111F018000d100797026727F0181059531030500062b000086401426788       TXFE8               BL01084800000000010FITX   20180500000000000000001R 000000000000                                                                              
OK
OK
OK
OK
OK
OK
OK
OK
2220180511F018000e100597026307TXO10750E8          BL+0000800000000010R0F0180000001011021960355000150100 086400 11021960000b00000000000000000001426789       TXO   C201805010750000B       000000000000000                           
OK
24201805113F018000b100897026307F0181102457935500016b000086401426786       00TXO10750E8          B300010000TXO   C201805010750000B       000000000000000                                                                                    
24201805113F018000e100597026307F0181102509835600004b000086401426789       00TXO10750E8          B200100005TXO   C201805010750000B       000000000000000                                                                                    
OK
OK
OK
24201805115F018000e100597026307F0181103431635500017b000086401426789       00TXO10750E8          B4L+000081000000RTXO   C201805010750000B       000000000000000                                                                             
24201805113F018000e100597026307F0181103477935600005b000086401426789       00TXO10750E8          B300050000TXO   C201805010750000B       000000000000000                                                                                    
OK
2220180511F018000f100797026307TXO10750E8          SL+0001300000000010R0F0180000001011040330355000180100 086400 11040330000b00000000000000000001426794       TXO   C201805010750000S       000000000000000                           
24201805113F018000f100797026307F0181104171935500019b000086401426794       00TXO10750E8          S200100005TXO   C201805010750000S       000000000000000                                                                                    
OK
24201805115F018000f100797026307F0181104243535500020b000086401426794       00TXO10750E8          S4L+000131000000RTXO   C201805010750000S       000000000000000                                                                             
24201805113F018000f100797026307F0181104298635500021b000086401426794       00TXO10750E8          S300050000TXO   C201805010750000S       000000000000000                                                                                    
OK
OK
OK
